<?xml version="1.0" encoding="UTF-8"?>
<testng-results ignored="0" total="2" passed="2" failed="0" skipped="0">
  <reporter-output>
  </reporter-output>
  <suite started-at="2026-09-23T21:37:15 ART" name="Default suite" finished-at="2026-09-23T21:37:21 ART" duration-ms="5628">
    <groups>
    </groups>
    <test started-at="2026-09-23T21:37:15 ART" name="Default test" finished-at="2026-09-23T21:37:21 ART" duration-ms="5628">
      <class name="laboratorio3_ejercicio1">
        <test-method is-config="true" signature="setUp()[pri:0, instance:laboratorio3_ejercicio1@385c9627]" started-at="2026-09-23T21:37:15 ART" name="setUp" finished-at="2026-09-23T21:37:15 ART" duration-ms="770" status="PASS">
          <reporter-output>
          </reporter-output>
        </test-method> <!-- setUp -->
        <test-method is-config="true" signature="irURL()[pri:0, instance:laboratorio3_ejercicio1@385c9627]" started-at="2026-09-23T21:37:15 ART" name="irURL" finished-at="2026-09-23T21:37:21 ART" duration-ms="5383" status="PASS">
          <reporter-output>
          </reporter-output>
        </test-method> <!-- irURL -->
        <test-method is-config="true" signature="macVentana()[pri:0, instance:laboratorio3_ejercicio1@385c9627]" started-at="2026-09-23T21:37:21 ART" name="macVentana" finished-at="2026-09-23T21:37:21 ART" duration-ms="59" status="PASS">
          <reporter-output>
          </reporter-output>
        </test-method> <!-- macVentana -->
        <test-method is-config="true" signature="mensajeInicio()[pri:0, instance:laboratorio3_ejercicio1@385c9627]" started-at="2026-09-23T21:37:21 ART" name="mensajeInicio" finished-at="2026-09-23T21:37:21 ART" duration-ms="1" status="PASS">
          <reporter-output>
          </reporter-output>
        </test-method> <!-- mensajeInicio -->
        <test-method signature="loginUser()[pri:0, instance:laboratorio3_ejercicio1@385c9627]" started-at="2026-09-23T21:37:21 ART" name="loginUser" finished-at="2026-09-23T21:37:21 ART" duration-ms="153" status="PASS">
          <reporter-output>
          </reporter-output>
        </test-method> <!-- loginUser -->
        <test-method is-config="true" signature="mensajeFin()[pri:0, instance:laboratorio3_ejercicio1@385c9627]" started-at="2026-09-23T21:37:21 ART" name="mensajeFin" finished-at="2026-09-23T21:37:21 ART" duration-ms="1" status="PASS">
          <reporter-output>
          </reporter-output>
        </test-method> <!-- mensajeFin -->
        <test-method is-config="true" signature="mensajeInicio()[pri:0, instance:laboratorio3_ejercicio1@385c9627]" started-at="2026-09-23T21:37:21 ART" name="mensajeInicio" finished-at="2026-09-23T21:37:21 ART" duration-ms="1" status="PASS">
          <reporter-output>
          </reporter-output>
        </test-method> <!-- mensajeInicio -->
        <test-method signature="loginUser3()[pri:0, instance:laboratorio3_ejercicio1@385c9627]" started-at="2026-09-23T21:37:21 ART" name="loginUser3" finished-at="2026-09-23T21:37:21 ART" duration-ms="1" status="PASS">
          <reporter-output>
          </reporter-output>
        </test-method> <!-- loginUser3 -->
        <test-method is-config="true" signature="mensajeFin()[pri:0, instance:laboratorio3_ejercicio1@385c9627]" started-at="2026-09-23T21:37:21 ART" name="mensajeFin" finished-at="2026-09-23T21:37:21 ART" duration-ms="1" status="PASS">
          <reporter-output>
          </reporter-output>
        </test-method> <!-- mensajeFin -->
        <test-method is-config="true" signature="finPrueba()[pri:0, instance:laboratorio3_ejercicio1@385c9627]" started-at="2026-09-23T21:37:21 ART" name="finPrueba" finished-at="2026-09-23T21:37:21 ART" duration-ms="1" status="PASS">
          <reporter-output>
          </reporter-output>
        </test-method> <!-- finPrueba -->
        <test-method is-config="true" signature="cerrarNav()[pri:0, instance:laboratorio3_ejercicio1@385c9627]" started-at="2026-09-23T21:37:21 ART" name="cerrarNav" finished-at="2026-09-23T21:37:21 ART" duration-ms="1" status="PASS">
          <reporter-output>
          </reporter-output>
        </test-method> <!-- cerrarNav -->
        <test-method is-config="true" signature="finSuite()[pri:0, instance:laboratorio3_ejercicio1@385c9627]" started-at="2026-09-23T21:37:21 ART" name="finSuite" finished-at="2026-09-23T21:37:21 ART" duration-ms="2" status="PASS">
          <reporter-output>
          </reporter-output>
        </test-method> <!-- finSuite -->
      </class> <!-- laboratorio3_ejercicio1 -->
    </test> <!-- Default test -->
  </suite> <!-- Default suite -->
</testng-results>
